0 info it worked if it ends with ok
1 verbose cli [ 'C:\\Program Files\\nodejs\\node.exe',
1 verbose cli   'C:\\Users\\Shirley\\AppData\\Roaming\\npm\\node_modules\\npm\\bin\\npm-cli.js',
1 verbose cli   'install',
1 verbose cli   './util/hbsHelper' ]
2 info using npm@3.10.9
3 info using node@v4.5.0
4 silly loadCurrentTree Starting
5 silly install loadCurrentTree
6 silly install readLocalPackageData
7 silly fetchPackageMetaData ./util/hbsHelper
8 silly fetchOtherPackageData ./util/hbsHelper
9 silly cache add args [ './util/hbsHelper', null ]
10 verbose cache add spec ./util/hbsHelper
11 silly cache add parsed spec Result {
11 silly cache add   raw: './util/hbsHelper',
11 silly cache add   scope: null,
11 silly cache add   escapedName: null,
11 silly cache add   name: null,
11 silly cache add   rawSpec: './util/hbsHelper',
11 silly cache add   spec: 'F:\\personal\\prac\\handlebars\\util\\hbsHelper',
11 silly cache add   type: 'local' }
12 error addLocal Could not install F:\personal\prac\handlebars\util\hbsHelper
13 silly fetchPackageMetaData Error: ENOENT: no such file or directory, open 'F:\personal\prac\handlebars\util\hbsHelper'
13 silly fetchPackageMetaData     at Error (native)
13 silly fetchPackageMetaData  error for ./util/hbsHelper { [Error: ENOENT: no such file or directory, open 'F:\personal\prac\handlebars\util\hbsHelper']
13 silly fetchPackageMetaData   errno: -4058,
13 silly fetchPackageMetaData   code: 'ENOENT',
13 silly fetchPackageMetaData   syscall: 'open',
13 silly fetchPackageMetaData   path: 'F:\\personal\\prac\\handlebars\\util\\hbsHelper' }
14 silly rollbackFailedOptional Starting
15 silly rollbackFailedOptional Finishing
16 silly runTopLevelLifecycles Finishing
17 silly install printInstalled
18 verbose stack Error: ENOENT: no such file or directory, open 'F:\personal\prac\handlebars\util\hbsHelper'
18 verbose stack     at Error (native)
19 verbose cwd F:\personal\prac\handlebars
20 error Windows_NT 10.0.14393
21 error argv "C:\\Program Files\\nodejs\\node.exe" "C:\\Users\\Shirley\\AppData\\Roaming\\npm\\node_modules\\npm\\bin\\npm-cli.js" "install" "./util/hbsHelper"
22 error node v4.5.0
23 error npm  v3.10.9
24 error path F:\personal\prac\handlebars\util\hbsHelper
25 error code ENOENT
26 error errno -4058
27 error syscall open
28 error enoent ENOENT: no such file or directory, open 'F:\personal\prac\handlebars\util\hbsHelper'
29 error enoent ENOENT: no such file or directory, open 'F:\personal\prac\handlebars\util\hbsHelper'
29 error enoent This is most likely not a problem with npm itself
29 error enoent and is related to npm not being able to find a file.
30 verbose exit [ -4058, true ]
